<?xml version="1.0" encoding="UTF-8"?>
<!-- Generated by org.testng.reporters.JUnitReportReporter -->
<testsuite hostname="Meenu-Rani.local" failures="0" tests="1" name="testCases.TC_01" time="61.956" errors="0" timestamp="2023-01-05T13:44:19 IST" skipped="0">
  <testcase classname="testCases.TC_01" name="loginTest" time="61.956"/>
  <system-out/>
</testsuite> <!-- testCases.TC_01 -->
