<?xml version="1.0" encoding="UTF-8"?>
<!-- Generated by org.testng.reporters.JUnitReportReporter -->
<testsuite hostname="Meenu-Rani.local" failures="0" tests="1" name="testCases.TC_01" time="1.478" errors="0" timestamp="2023-01-03T19:17:45 IST" skipped="0">
  <testcase classname="testCases.TC_01" name="loginTest" time="1.478"/>
  <system-out/>
</testsuite> <!-- testCases.TC_01 -->
